Arguments: 
  C:\Program Files\nodejs\node.exe C:\Users\Dell\AppData\Roaming\npm\node_modules\yarn\bin\yarn.js init

PATH: 
  C:\WINDOWS\system32;C:\WINDOWS;C:\WINDOWS\System32\Wbem;C:\WINDOWS\System32\WindowsPowerShell\v1.0\;C:\WINDOWS\System32\OpenSSH\;C:\Program Files\Docker\Docker\resources\bin;C:\Program Files\Git\cmd;C:\Users\Dell\AppData\Roaming\nvm;C:\Program Files\nodejs;C:\Users\Dell\AppData\Local\Microsoft\WindowsApps;C:\Users\Dell\AppData\Roaming\npm;C:\Users\Dell\AppData\Local\Programs\Microsoft VS Code\bin;C:\Users\Dell\AppData\Roaming\nvm;C:\Program Files\nodejs;C:\Users\Dell\AppData\Local\GitHubDesktop\bin

Yarn version: 
  1.22.19

Node version: 
  16.20.0

Platform: 
  win32 x64

Trace: 
  Error: canceled
      at Interface.<anonymous> (C:\Users\Dell\AppData\Roaming\npm\node_modules\yarn\lib\cli.js:137150:13)
      at Interface.emit (node:events:513:28)
      at Interface._ttyWrite (node:readline:1085:16)
      at ReadStream.onkeypress (node:readline:291:10)
      at ReadStream.emit (node:events:513:28)
      at emitKeys (node:internal/readline/utils:357:14)
      at emitKeys.next (<anonymous>)
      at ReadStream.onData (node:internal/readline/emitKeypressEvents:61:36)
      at ReadStream.emit (node:events:513:28)
      at addChunk (node:internal/streams/readable:315:12)

npm manifest: 
  {
    "name": "book-directory-server",
    "version": "1.0.0",
    "description": "This is the server of the book directory . The project start building at 11:15 pm 15/07/2023",
    "main": "src/server.ts",
    "scripts": {
      "start": "ts-node-dev --respawn --transpile-only src/server.ts",
      "build": "tsc",
      "lint:check": "eslint --ignore-path .eslintignore --ext .js,.ts .",
      "prettier:check": "prettier --ignore-path .gitignore --write \"**/*.+(js|ts|json)\"",
      "lint:fix": "eslint . --fix",
      "prettier:fix": "perttier --write .",
      "lint-prettier": "yarn lint:check && yarn prettier:check",
      "test": "echo \"Error: no test specified\" && exit 1",
      "prepare": "husky install"
    },
    "author": "MD Main Uddin",
    "license": "ISC",
    "dependencies": {
      "cors": "^2.8.5",
      "dotenv": "^16.3.1",
      "express": "^4.18.2",
      "jsonwebtoken": "^9.0.1",
      "mongoose": "^7.3.4"
    },
    "lint-staged": {
      "src/**/*.ts": "npm lint-prettier"
    },
    "devDependencies": {
      "@types/cors": "^2.8.13",
      "@types/express": "4.17.17",
      "@types/jsonwebtoken": "^9.0.2",
      "@typescript-eslint/eslint-plugin": "5.59.7",
      "@typescript-eslint/parser": "5.59.7",
      "eslint": "8.41.0",
      "eslint-config-prettier": "^8.8.0",
      "husky": "^8.0.0",
      "lint-staged": "^13.2.2",
      "prettier": "^2.8.8",
      "ts-node-dev": "^2.0.0",
      "typescript": "^5.0.4"
    }
  }

yarn manifest: 
  No manifest

Lockfile: 
  No lockfile
